<?xml version="1.0" encoding="UTF-8"?>
<!-- Generated by org.testng.reporters.JUnitReportReporter -->
<testsuite hostname="DESKTOP-1UPHK9E" failures="0" tests="1" name="toyotaCar.ToyoCarTest" time="9.586" errors="0" timestamp="2023-01-10T17:07:41 IST" skipped="0">
  <testcase classname="toyotaCar.ToyoCarTest" name="readBuyCar" time="9.586"/>
  <system-out/>
</testsuite> <!-- toyotaCar.ToyoCarTest -->
